2019-08-08 15:43:43.075  INFO 78380 --- [main] c.s.c.a.l.LibraryApis2Application        : Starting LibraryApis2Application on ITS-FKDFLQ2 with PID 78380 (C:\Users\uqubhara\IdeaProjects\library-apis-2\target\classes started by uqubhara in C:\Users\uqubhara\IdeaProjects\library-apis-2)
2019-08-08 15:43:43.077  INFO 78380 --- [main] c.s.c.a.l.LibraryApis2Application        : No active profile set, falling back to default profiles: default
2019-08-08 15:43:43.651  INFO 78380 --- [main] .s.d.r.c.RepositoryConfigurationDelegate : Bootstrapping Spring Data repositories in DEFAULT mode.
2019-08-08 15:43:43.720  INFO 78380 --- [main] .s.d.r.c.RepositoryConfigurationDelegate : Finished Spring Data repository scanning in 63ms. Found 6 repository interfaces.
2019-08-08 15:43:43.933  INFO 78380 --- [main] trationDelegate$BeanPostProcessorChecker : Bean 'org.springframework.transaction.annotation.ProxyTransactionManagementConfiguration' of type [org.springframework.transaction.annotation.ProxyTransactionManagementConfiguration$$EnhancerBySpringCGLIB$$7aaf375c] is not eligible for getting processed by all BeanPostProcessors (for example: not eligible for auto-proxying)
2019-08-08 15:43:44.096  INFO 78380 --- [main] o.s.b.w.embedded.tomcat.TomcatWebServer  : Tomcat initialized with port(s): 8585 (http)
2019-08-08 15:43:44.110  INFO 78380 --- [main] o.apache.catalina.core.StandardService   : Starting service [Tomcat]
2019-08-08 15:43:44.111  INFO 78380 --- [main] org.apache.catalina.core.StandardEngine  : Starting Servlet engine: [Apache Tomcat/9.0.19]
2019-08-08 15:43:44.196  INFO 78380 --- [main] o.a.c.c.C.[Tomcat].[localhost].[/]       : Initializing Spring embedded WebApplicationContext
2019-08-08 15:43:44.196  INFO 78380 --- [main] o.s.web.context.ContextLoader            : Root WebApplicationContext: initialization completed in 1089 ms
2019-08-08 15:43:44.297  INFO 78380 --- [main] com.zaxxer.hikari.HikariDataSource       : HikariPool-1 - Starting...
2019-08-08 15:43:44.766  INFO 78380 --- [main] com.zaxxer.hikari.HikariDataSource       : HikariPool-1 - Start completed.
2019-08-08 15:43:44.804  INFO 78380 --- [main] o.hibernate.jpa.internal.util.LogHelper  : HHH000204: Processing PersistenceUnitInfo [
	name: default
	...]
2019-08-08 15:43:44.845  INFO 78380 --- [main] org.hibernate.Version                    : HHH000412: Hibernate Core {5.3.10.Final}
2019-08-08 15:43:44.846  INFO 78380 --- [main] org.hibernate.cfg.Environment            : HHH000206: hibernate.properties not found
2019-08-08 15:43:44.941  INFO 78380 --- [main] o.hibernate.annotations.common.Version   : HCANN000001: Hibernate Commons Annotations {5.0.4.Final}
2019-08-08 15:43:45.049  INFO 78380 --- [main] org.hibernate.dialect.Dialect            : HHH000400: Using dialect: org.hibernate.dialect.MySQL5InnoDBDialect
2019-08-08 15:43:45.539  INFO 78380 --- [main] j.LocalContainerEntityManagerFactoryBean : Initialized JPA EntityManagerFactory for persistence unit 'default'
2019-08-08 15:43:45.742  INFO 78380 --- [main] o.h.h.i.QueryTranslatorFactoryInitiator  : HHH000397: Using ASTQueryTranslatorFactory
2019-08-08 15:43:46.039  WARN 78380 --- [main] aWebConfiguration$JpaWebMvcConfiguration : spring.jpa.open-in-view is enabled by default. Therefore, database queries may be performed during view rendering. Explicitly configure spring.jpa.open-in-view to disable this warning
2019-08-08 15:43:46.095  INFO 78380 --- [main] o.s.s.web.DefaultSecurityFilterChain     : Creating filter chain: any request, [org.springframework.security.web.context.request.async.WebAsyncManagerIntegrationFilter@59baf2c7, org.springframework.security.web.context.SecurityContextPersistenceFilter@752973de, org.springframework.security.web.header.HeaderWriterFilter@27dbaa33, org.springframework.web.filter.CorsFilter@ce655b9, org.springframework.security.web.authentication.logout.LogoutFilter@e795a1d, com.skb.course.apis.libraryapis.security.JwtAuthenticationFilter@4b85edeb, com.skb.course.apis.libraryapis.security.JwtAuthorizationFilter@5731caaf, org.springframework.security.web.savedrequest.RequestCacheAwareFilter@793cef95, org.springframework.security.web.servletapi.SecurityContextHolderAwareRequestFilter@16e195cf, org.springframework.security.web.authentication.AnonymousAuthenticationFilter@59933644, org.springframework.security.web.session.SessionManagementFilter@3b021664, org.springframework.security.web.access.ExceptionTranslationFilter@1377b1a0, org.springframework.security.web.access.intercept.FilterSecurityInterceptor@5f45bc8e]
2019-08-08 15:43:46.172  INFO 78380 --- [main] o.s.s.concurrent.ThreadPoolTaskExecutor  : Initializing ExecutorService 'applicationTaskExecutor'
2019-08-08 15:43:46.446  INFO 78380 --- [main] o.s.b.w.embedded.tomcat.TomcatWebServer  : Tomcat started on port(s): 8585 (http) with context path ''
2019-08-08 15:43:46.447  INFO 78380 --- [main] c.s.c.a.l.LibraryApis2Application        : Started LibraryApis2Application in 3.652 seconds (JVM running for 4.412)
2019-08-08 15:43:52.877  INFO 78380 --- [http-nio-8585-exec-1] o.a.c.c.C.[Tomcat].[localhost].[/]       : Initializing Spring DispatcherServlet 'dispatcherServlet'
2019-08-08 15:43:52.877  INFO 78380 --- [http-nio-8585-exec-1] o.s.web.servlet.DispatcherServlet        : Initializing Servlet 'dispatcherServlet'
2019-08-08 15:43:52.882  INFO 78380 --- [http-nio-8585-exec-1] o.s.web.servlet.DispatcherServlet        : Completed initialization in 4 ms
2019-08-08 15:43:53.041 ERROR 78380 --- [http-nio-8585-exec-1] a.l.e.LibraryControllersExceptionHandler : 26b79ee6-154c-47d9-a5b2-9fededb6bcfe

org.springframework.web.bind.MethodArgumentNotValidException: Validation failed for argument [0] in public org.springframework.http.ResponseEntity<?> com.skb.course.apis.libraryapis.user.UserController.registerUser(com.skb.course.apis.libraryapis.user.LibraryUser,java.lang.String) throws com.skb.course.apis.libraryapis.exception.LibraryResourceAlreadyExistException with 3 errors: [Field error in object 'libraryUser' on field 'phoneNumber': rejected value [12457632]; codes [Pattern.libraryUser.phoneNumber,Pattern.phoneNumber,Pattern.java.lang.String,Pattern]; arguments [org.springframework.context.support.DefaultMessageSourceResolvable: codes [libraryUser.phoneNumber,phoneNumber]; arguments []; default message [phoneNumber],[Ljavax.validation.constraints.Pattern$Flag;@5ecb9276,org.springframework.validation.beanvalidation.SpringValidatorAdapter$ResolvableAttribute@3bb3022e]; default message [Please enter phone number in format 123-456-789]] [Field error in object 'libraryUser' on field 'emailId': rejected value [grady.booch2gmail.com]; codes [Email.libraryUser.emailId,Email.emailId,Email.java.lang.String,Email]; arguments [org.springframework.context.support.DefaultMessageSourceResolvable: codes [libraryUser.emailId,emailId]; arguments []; default message [emailId],[Ljavax.validation.constraints.Pattern$Flag;@60d225f3,org.springframework.validation.beanvalidation.SpringValidatorAdapter$ResolvableAttribute@33bbad51]; default message [Please enter a valid EmailId]] [Field error in object 'libraryUser' on field 'dateOfBirth': rejected value [2020-01-12]; codes [Past.libraryUser.dateOfBirth,Past.dateOfBirth,Past.java.time.LocalDate,Past]; arguments [org.springframework.context.support.DefaultMessageSourceResolvable: codes [libraryUser.dateOfBirth,dateOfBirth]; arguments []; default message [dateOfBirth]]; default message [Date of birth must be a past date]]
	at org.springframework.web.servlet.mvc.method.annotation.RequestResponseBodyMethodProcessor.resolveArgument(RequestResponseBodyMethodProcessor.java:138) ~[spring-webmvc-5.1.7.RELEASE.jar:5.1.7.RELEASE]
	at org.springframework.web.method.support.HandlerMethodArgumentResolverComposite.resolveArgument(HandlerMethodArgumentResolverComposite.java:126) ~[spring-web-5.1.7.RELEASE.jar:5.1.7.RELEASE]
	at org.springframework.web.method.support.InvocableHandlerMethod.getMethodArgumentValues(InvocableHandlerMethod.java:167) ~[spring-web-5.1.7.RELEASE.jar:5.1.7.RELEASE]
	at org.springframework.web.method.support.InvocableHandlerMethod.invokeForRequest(InvocableHandlerMethod.java:134) ~[spring-web-5.1.7.RELEASE.jar:5.1.7.RELEASE]
	at org.springframework.web.servlet.mvc.method.annotation.ServletInvocableHandlerMethod.invokeAndHandle(ServletInvocableHandlerMethod.java:104) ~[spring-webmvc-5.1.7.RELEASE.jar:5.1.7.RELEASE]
	at org.springframework.web.servlet.mvc.method.annotation.RequestMappingHandlerAdapter.invokeHandlerMethod(RequestMappingHandlerAdapter.java:892) ~[spring-webmvc-5.1.7.RELEASE.jar:5.1.7.RELEASE]
	at org.springframework.web.servlet.mvc.method.annotation.RequestMappingHandlerAdapter.handleInternal(RequestMappingHandlerAdapter.java:797) ~[spring-webmvc-5.1.7.RELEASE.jar:5.1.7.RELEASE]
	at org.springframework.web.servlet.mvc.method.AbstractHandlerMethodAdapter.handle(AbstractHandlerMethodAdapter.java:87) ~[spring-webmvc-5.1.7.RELEASE.jar:5.1.7.RELEASE]
	at org.springframework.web.servlet.DispatcherServlet.doDispatch(DispatcherServlet.java:1039) ~[spring-webmvc-5.1.7.RELEASE.jar:5.1.7.RELEASE]
	at org.springframework.web.servlet.DispatcherServlet.doService(DispatcherServlet.java:942) ~[spring-webmvc-5.1.7.RELEASE.jar:5.1.7.RELEASE]
	at org.springframework.web.servlet.FrameworkServlet.processRequest(FrameworkServlet.java:1005) [spring-webmvc-5.1.7.RELEASE.jar:5.1.7.RELEASE]
	at org.springframework.web.servlet.FrameworkServlet.doPost(FrameworkServlet.java:908) [spring-webmvc-5.1.7.RELEASE.jar:5.1.7.RELEASE]
	at javax.servlet.http.HttpServlet.service(HttpServlet.java:660) [tomcat-embed-core-9.0.19.jar:9.0.19]
	at org.springframework.web.servlet.FrameworkServlet.service(FrameworkServlet.java:882) [spring-webmvc-5.1.7.RELEASE.jar:5.1.7.RELEASE]
	at javax.servlet.http.HttpServlet.service(HttpServlet.java:741) [tomcat-embed-core-9.0.19.jar:9.0.19]
	at org.apache.catalina.core.ApplicationFilterChain.internalDoFilter(ApplicationFilterChain.java:231) [tomcat-embed-core-9.0.19.jar:9.0.19]
	at org.apache.catalina.core.ApplicationFilterChain.doFilter(ApplicationFilterChain.java:166) [tomcat-embed-core-9.0.19.jar:9.0.19]
	at org.apache.tomcat.websocket.server.WsFilter.doFilter(WsFilter.java:53) [tomcat-embed-websocket-9.0.19.jar:9.0.19]
	at org.apache.catalina.core.ApplicationFilterChain.internalDoFilter(ApplicationFilterChain.java:193) [tomcat-embed-core-9.0.19.jar:9.0.19]
	at org.apache.catalina.core.ApplicationFilterChain.doFilter(ApplicationFilterChain.java:166) [tomcat-embed-core-9.0.19.jar:9.0.19]
	at org.springframework.security.web.FilterChainProxy$VirtualFilterChain.doFilter(FilterChainProxy.java:320) [spring-security-web-5.1.5.RELEASE.jar:5.1.5.RELEASE]
	at org.springframework.security.web.access.intercept.FilterSecurityInterceptor.invoke(FilterSecurityInterceptor.java:127) [spring-security-web-5.1.5.RELEASE.jar:5.1.5.RELEASE]
	at org.springframework.security.web.access.intercept.FilterSecurityInterceptor.doFilter(FilterSecurityInterceptor.java:91) [spring-security-web-5.1.5.RELEASE.jar:5.1.5.RELEASE]
	at org.springframework.security.web.FilterChainProxy$VirtualFilterChain.doFilter(FilterChainProxy.java:334) [spring-security-web-5.1.5.RELEASE.jar:5.1.5.RELEASE]
	at org.springframework.security.web.access.ExceptionTranslationFilter.doFilter(ExceptionTranslationFilter.java:119) [spring-security-web-5.1.5.RELEASE.jar:5.1.5.RELEASE]
	at org.springframework.security.web.FilterChainProxy$VirtualFilterChain.doFilter(FilterChainProxy.java:334) [spring-security-web-5.1.5.RELEASE.jar:5.1.5.RELEASE]
	at org.springframework.security.web.session.SessionManagementFilter.doFilter(SessionManagementFilter.java:137) [spring-security-web-5.1.5.RELEASE.jar:5.1.5.RELEASE]
	at org.springframework.security.web.FilterChainProxy$VirtualFilterChain.doFilter(FilterChainProxy.java:334) [spring-security-web-5.1.5.RELEASE.jar:5.1.5.RELEASE]
	at org.springframework.security.web.authentication.AnonymousAuthenticationFilter.doFilter(AnonymousAuthenticationFilter.java:111) [spring-security-web-5.1.5.RELEASE.jar:5.1.5.RELEASE]
	at org.springframework.security.web.FilterChainProxy$VirtualFilterChain.doFilter(FilterChainProxy.java:334) [spring-security-web-5.1.5.RELEASE.jar:5.1.5.RELEASE]
	at org.springframework.security.web.servletapi.SecurityContextHolderAwareRequestFilter.doFilter(SecurityContextHolderAwareRequestFilter.java:170) [spring-security-web-5.1.5.RELEASE.jar:5.1.5.RELEASE]
	at org.springframework.security.web.FilterChainProxy$VirtualFilterChain.doFilter(FilterChainProxy.java:334) [spring-security-web-5.1.5.RELEASE.jar:5.1.5.RELEASE]
	at org.springframework.security.web.savedrequest.RequestCacheAwareFilter.doFilter(RequestCacheAwareFilter.java:63) [spring-security-web-5.1.5.RELEASE.jar:5.1.5.RELEASE]
	at org.springframework.security.web.FilterChainProxy$VirtualFilterChain.doFilter(FilterChainProxy.java:334) [spring-security-web-5.1.5.RELEASE.jar:5.1.5.RELEASE]
	at com.skb.course.apis.libraryapis.security.JwtAuthorizationFilter.doFilterInternal(JwtAuthorizationFilter.java:31) [classes/:na]
	at org.springframework.web.filter.OncePerRequestFilter.doFilter(OncePerRequestFilter.java:107) [spring-web-5.1.7.RELEASE.jar:5.1.7.RELEASE]
	at org.springframework.security.web.FilterChainProxy$VirtualFilterChain.doFilter(FilterChainProxy.java:334) [spring-security-web-5.1.5.RELEASE.jar:5.1.5.RELEASE]
	at org.springframework.security.web.authentication.AbstractAuthenticationProcessingFilter.doFilter(AbstractAuthenticationProcessingFilter.java:200) [spring-security-web-5.1.5.RELEASE.jar:5.1.5.RELEASE]
	at org.springframework.security.web.FilterChainProxy$VirtualFilterChain.doFilter(FilterChainProxy.java:334) [spring-security-web-5.1.5.RELEASE.jar:5.1.5.RELEASE]
	at org.springframework.security.web.authentication.logout.LogoutFilter.doFilter(LogoutFilter.java:116) [spring-security-web-5.1.5.RELEASE.jar:5.1.5.RELEASE]
	at org.springframework.security.web.FilterChainProxy$VirtualFilterChain.doFilter(FilterChainProxy.java:334) [spring-security-web-5.1.5.RELEASE.jar:5.1.5.RELEASE]
	at org.springframework.web.filter.CorsFilter.doFilterInternal(CorsFilter.java:96) [spring-web-5.1.7.RELEASE.jar:5.1.7.RELEASE]
	at org.springframework.web.filter.OncePerRequestFilter.doFilter(OncePerRequestFilter.java:107) [spring-web-5.1.7.RELEASE.jar:5.1.7.RELEASE]
	at org.springframework.security.web.FilterChainProxy$VirtualFilterChain.doFilter(FilterChainProxy.java:334) [spring-security-web-5.1.5.RELEASE.jar:5.1.5.RELEASE]
	at org.springframework.security.web.header.HeaderWriterFilter.doFilterInternal(HeaderWriterFilter.java:74) [spring-security-web-5.1.5.RELEASE.jar:5.1.5.RELEASE]
	at org.springframework.web.filter.OncePerRequestFilter.doFilter(OncePerRequestFilter.java:107) [spring-web-5.1.7.RELEASE.jar:5.1.7.RELEASE]
	at org.springframework.security.web.FilterChainProxy$VirtualFilterChain.doFilter(FilterChainProxy.java:334) [spring-security-web-5.1.5.RELEASE.jar:5.1.5.RELEASE]
	at org.springframework.security.web.context.SecurityContextPersistenceFilter.doFilter(SecurityContextPersistenceFilter.java:105) [spring-security-web-5.1.5.RELEASE.jar:5.1.5.RELEASE]
	at org.springframework.security.web.FilterChainProxy$VirtualFilterChain.doFilter(FilterChainProxy.java:334) [spring-security-web-5.1.5.RELEASE.jar:5.1.5.RELEASE]
	at org.springframework.security.web.context.request.async.WebAsyncManagerIntegrationFilter.doFilterInternal(WebAsyncManagerIntegrationFilter.java:56) [spring-security-web-5.1.5.RELEASE.jar:5.1.5.RELEASE]
	at org.springframework.web.filter.OncePerRequestFilter.doFilter(OncePerRequestFilter.java:107) [spring-web-5.1.7.RELEASE.jar:5.1.7.RELEASE]
	at org.springframework.security.web.FilterChainProxy$VirtualFilterChain.doFilter(FilterChainProxy.java:334) [spring-security-web-5.1.5.RELEASE.jar:5.1.5.RELEASE]
	at org.springframework.security.web.FilterChainProxy.doFilterInternal(FilterChainProxy.java:215) [spring-security-web-5.1.5.RELEASE.jar:5.1.5.RELEASE]
	at org.springframework.security.web.FilterChainProxy.doFilter(FilterChainProxy.java:178) [spring-security-web-5.1.5.RELEASE.jar:5.1.5.RELEASE]
	at org.springframework.web.filter.DelegatingFilterProxy.invokeDelegate(DelegatingFilterProxy.java:357) [spring-web-5.1.7.RELEASE.jar:5.1.7.RELEASE]
	at org.springframework.web.filter.DelegatingFilterProxy.doFilter(DelegatingFilterProxy.java:270) [spring-web-5.1.7.RELEASE.jar:5.1.7.RELEASE]
	at org.apache.catalina.core.ApplicationFilterChain.internalDoFilter(ApplicationFilterChain.java:193) [tomcat-embed-core-9.0.19.jar:9.0.19]
	at org.apache.catalina.core.ApplicationFilterChain.doFilter(ApplicationFilterChain.java:166) [tomcat-embed-core-9.0.19.jar:9.0.19]
	at org.springframework.web.filter.RequestContextFilter.doFilterInternal(RequestContextFilter.java:99) [spring-web-5.1.7.RELEASE.jar:5.1.7.RELEASE]
	at org.springframework.web.filter.OncePerRequestFilter.doFilter(OncePerRequestFilter.java:107) [spring-web-5.1.7.RELEASE.jar:5.1.7.RELEASE]
	at org.apache.catalina.core.ApplicationFilterChain.internalDoFilter(ApplicationFilterChain.java:193) [tomcat-embed-core-9.0.19.jar:9.0.19]
	at org.apache.catalina.core.ApplicationFilterChain.doFilter(ApplicationFilterChain.java:166) [tomcat-embed-core-9.0.19.jar:9.0.19]
	at org.springframework.web.filter.FormContentFilter.doFilterInternal(FormContentFilter.java:92) [spring-web-5.1.7.RELEASE.jar:5.1.7.RELEASE]
	at org.springframework.web.filter.OncePerRequestFilter.doFilter(OncePerRequestFilter.java:107) [spring-web-5.1.7.RELEASE.jar:5.1.7.RELEASE]
	at org.apache.catalina.core.ApplicationFilterChain.internalDoFilter(ApplicationFilterChain.java:193) [tomcat-embed-core-9.0.19.jar:9.0.19]
	at org.apache.catalina.core.ApplicationFilterChain.doFilter(ApplicationFilterChain.java:166) [tomcat-embed-core-9.0.19.jar:9.0.19]
	at org.springframework.web.filter.HiddenHttpMethodFilter.doFilterInternal(HiddenHttpMethodFilter.java:93) [spring-web-5.1.7.RELEASE.jar:5.1.7.RELEASE]
	at org.springframework.web.filter.OncePerRequestFilter.doFilter(OncePerRequestFilter.java:107) [spring-web-5.1.7.RELEASE.jar:5.1.7.RELEASE]
	at org.apache.catalina.core.ApplicationFilterChain.internalDoFilter(ApplicationFilterChain.java:193) [tomcat-embed-core-9.0.19.jar:9.0.19]
	at org.apache.catalina.core.ApplicationFilterChain.doFilter(ApplicationFilterChain.java:166) [tomcat-embed-core-9.0.19.jar:9.0.19]
	at org.springframework.web.filter.CharacterEncodingFilter.doFilterInternal(CharacterEncodingFilter.java:200) [spring-web-5.1.7.RELEASE.jar:5.1.7.RELEASE]
	at org.springframework.web.filter.OncePerRequestFilter.doFilter(OncePerRequestFilter.java:107) [spring-web-5.1.7.RELEASE.jar:5.1.7.RELEASE]
	at org.apache.catalina.core.ApplicationFilterChain.internalDoFilter(ApplicationFilterChain.java:193) [tomcat-embed-core-9.0.19.jar:9.0.19]
	at org.apache.catalina.core.ApplicationFilterChain.doFilter(ApplicationFilterChain.java:166) [tomcat-embed-core-9.0.19.jar:9.0.19]
	at org.apache.catalina.core.StandardWrapperValve.invoke(StandardWrapperValve.java:200) [tomcat-embed-core-9.0.19.jar:9.0.19]
	at org.apache.catalina.core.StandardContextValve.invoke(StandardContextValve.java:96) [tomcat-embed-core-9.0.19.jar:9.0.19]
	at org.apache.catalina.authenticator.AuthenticatorBase.invoke(AuthenticatorBase.java:490) [tomcat-embed-core-9.0.19.jar:9.0.19]
	at org.apache.catalina.core.StandardHostValve.invoke(StandardHostValve.java:139) [tomcat-embed-core-9.0.19.jar:9.0.19]
	at org.apache.catalina.valves.ErrorReportValve.invoke(ErrorReportValve.java:92) [tomcat-embed-core-9.0.19.jar:9.0.19]
	at org.apache.catalina.core.StandardEngineValve.invoke(StandardEngineValve.java:74) [tomcat-embed-core-9.0.19.jar:9.0.19]
	at org.apache.catalina.connector.CoyoteAdapter.service(CoyoteAdapter.java:343) [tomcat-embed-core-9.0.19.jar:9.0.19]
	at org.apache.coyote.http11.Http11Processor.service(Http11Processor.java:408) [tomcat-embed-core-9.0.19.jar:9.0.19]
	at org.apache.coyote.AbstractProcessorLight.process(AbstractProcessorLight.java:66) [tomcat-embed-core-9.0.19.jar:9.0.19]
	at org.apache.coyote.AbstractProtocol$ConnectionHandler.process(AbstractProtocol.java:836) [tomcat-embed-core-9.0.19.jar:9.0.19]
	at org.apache.tomcat.util.net.NioEndpoint$SocketProcessor.doRun(NioEndpoint.java:1747) [tomcat-embed-core-9.0.19.jar:9.0.19]
	at org.apache.tomcat.util.net.SocketProcessorBase.run(SocketProcessorBase.java:49) [tomcat-embed-core-9.0.19.jar:9.0.19]
	at java.util.concurrent.ThreadPoolExecutor.runWorker(ThreadPoolExecutor.java:1149) [na:1.8.0_212]
	at java.util.concurrent.ThreadPoolExecutor$Worker.run(ThreadPoolExecutor.java:624) [na:1.8.0_212]
	at org.apache.tomcat.util.threads.TaskThread$WrappingRunnable.run(TaskThread.java:61) [tomcat-embed-core-9.0.19.jar:9.0.19]
	at java.lang.Thread.run(Thread.java:748) [na:1.8.0_212]

2019-08-08 15:51:36.553  INFO 88784 --- [main] c.s.c.a.l.LibraryApis2Application        : Starting LibraryApis2Application on ITS-FKDFLQ2 with PID 88784 (C:\Users\uqubhara\IdeaProjects\library-apis-2\target\classes started by uqubhara in C:\Users\uqubhara\IdeaProjects\library-apis-2)
2019-08-08 15:51:36.556  INFO 88784 --- [main] c.s.c.a.l.LibraryApis2Application        : No active profile set, falling back to default profiles: default
2019-08-08 15:51:37.197  INFO 88784 --- [main] .s.d.r.c.RepositoryConfigurationDelegate : Bootstrapping Spring Data repositories in DEFAULT mode.
2019-08-08 15:51:37.269  INFO 88784 --- [main] .s.d.r.c.RepositoryConfigurationDelegate : Finished Spring Data repository scanning in 66ms. Found 6 repository interfaces.
2019-08-08 15:51:37.535  INFO 88784 --- [main] trationDelegate$BeanPostProcessorChecker : Bean 'org.springframework.transaction.annotation.ProxyTransactionManagementConfiguration' of type [org.springframework.transaction.annotation.ProxyTransactionManagementConfiguration$$EnhancerBySpringCGLIB$$ec52de0c] is not eligible for getting processed by all BeanPostProcessors (for example: not eligible for auto-proxying)
2019-08-08 15:51:37.709  INFO 88784 --- [main] o.s.b.w.embedded.tomcat.TomcatWebServer  : Tomcat initialized with port(s): 8585 (http)
2019-08-08 15:51:37.724  INFO 88784 --- [main] o.apache.catalina.core.StandardService   : Starting service [Tomcat]
2019-08-08 15:51:37.725  INFO 88784 --- [main] org.apache.catalina.core.StandardEngine  : Starting Servlet engine: [Apache Tomcat/9.0.19]
2019-08-08 15:51:37.815  INFO 88784 --- [main] o.a.c.c.C.[Tomcat].[localhost].[/]       : Initializing Spring embedded WebApplicationContext
2019-08-08 15:51:37.815  INFO 88784 --- [main] o.s.web.context.ContextLoader            : Root WebApplicationContext: initialization completed in 1220 ms
2019-08-08 15:51:37.926  INFO 88784 --- [main] com.zaxxer.hikari.HikariDataSource       : HikariPool-1 - Starting...
2019-08-08 15:51:38.409  INFO 88784 --- [main] com.zaxxer.hikari.HikariDataSource       : HikariPool-1 - Start completed.
2019-08-08 15:51:38.449  INFO 88784 --- [main] o.hibernate.jpa.internal.util.LogHelper  : HHH000204: Processing PersistenceUnitInfo [
	name: default
	...]
2019-08-08 15:51:38.494  INFO 88784 --- [main] org.hibernate.Version                    : HHH000412: Hibernate Core {5.3.10.Final}
2019-08-08 15:51:38.495  INFO 88784 --- [main] org.hibernate.cfg.Environment            : HHH000206: hibernate.properties not found
2019-08-08 15:51:38.597  INFO 88784 --- [main] o.hibernate.annotations.common.Version   : HCANN000001: Hibernate Commons Annotations {5.0.4.Final}
2019-08-08 15:51:38.703  INFO 88784 --- [main] org.hibernate.dialect.Dialect            : HHH000400: Using dialect: org.hibernate.dialect.MySQL5InnoDBDialect
2019-08-08 15:51:39.233  INFO 88784 --- [main] j.LocalContainerEntityManagerFactoryBean : Initialized JPA EntityManagerFactory for persistence unit 'default'
2019-08-08 15:51:39.454  INFO 88784 --- [main] o.h.h.i.QueryTranslatorFactoryInitiator  : HHH000397: Using ASTQueryTranslatorFactory
2019-08-08 15:51:39.755  WARN 88784 --- [main] aWebConfiguration$JpaWebMvcConfiguration : spring.jpa.open-in-view is enabled by default. Therefore, database queries may be performed during view rendering. Explicitly configure spring.jpa.open-in-view to disable this warning
2019-08-08 15:51:39.816  INFO 88784 --- [main] o.s.s.web.DefaultSecurityFilterChain     : Creating filter chain: any request, [org.springframework.security.web.context.request.async.WebAsyncManagerIntegrationFilter@32e697ac, org.springframework.security.web.context.SecurityContextPersistenceFilter@43deba42, org.springframework.security.web.header.HeaderWriterFilter@6133e20b, org.springframework.web.filter.CorsFilter@3866c96e, org.springframework.security.web.authentication.logout.LogoutFilter@4fad51a3, com.skb.course.apis.libraryapis.security.JwtAuthenticationFilter@241fc278, com.skb.course.apis.libraryapis.security.JwtAuthorizationFilter@5c76fce4, org.springframework.security.web.savedrequest.RequestCacheAwareFilter@38c10190, org.springframework.security.web.servletapi.SecurityContextHolderAwareRequestFilter@6fc1a8f6, org.springframework.security.web.authentication.AnonymousAuthenticationFilter@5aab5b31, org.springframework.security.web.session.SessionManagementFilter@612af486, org.springframework.security.web.access.ExceptionTranslationFilter@49631cfb, org.springframework.security.web.access.intercept.FilterSecurityInterceptor@3e8b8f0]
2019-08-08 15:51:39.907  INFO 88784 --- [main] o.s.s.concurrent.ThreadPoolTaskExecutor  : Initializing ExecutorService 'applicationTaskExecutor'
2019-08-08 15:51:40.156  INFO 88784 --- [main] o.s.b.w.embedded.tomcat.TomcatWebServer  : Tomcat started on port(s): 8585 (http) with context path ''
2019-08-08 15:51:40.157  INFO 88784 --- [main] c.s.c.a.l.LibraryApis2Application        : Started LibraryApis2Application in 3.983 seconds (JVM running for 4.821)
2019-08-08 15:51:48.992  INFO 88784 --- [http-nio-8585-exec-1] o.a.c.c.C.[Tomcat].[localhost].[/]       : Initializing Spring DispatcherServlet 'dispatcherServlet'
2019-08-08 15:51:48.992  INFO 88784 --- [http-nio-8585-exec-1] o.s.web.servlet.DispatcherServlet        : Initializing Servlet 'dispatcherServlet'
2019-08-08 15:51:48.997  INFO 88784 --- [http-nio-8585-exec-1] o.s.web.servlet.DispatcherServlet        : Completed initialization in 5 ms
2019-08-08 15:51:49.145 ERROR 88784 --- [http-nio-8585-exec-1] a.l.e.LibraryControllersExceptionHandler : 27b61c64-767e-43f4-a69a-88f10e9e74fc

org.springframework.web.bind.MethodArgumentNotValidException: Validation failed for argument [0] in public org.springframework.http.ResponseEntity<?> com.skb.course.apis.libraryapis.user.UserController.registerUser(com.skb.course.apis.libraryapis.user.LibraryUser,java.lang.String) throws com.skb.course.apis.libraryapis.exception.LibraryResourceAlreadyExistException with 3 errors: [Field error in object 'libraryUser' on field 'dateOfBirth': rejected value [2020-01-12]; codes [Past.libraryUser.dateOfBirth,Past.dateOfBirth,Past.java.time.LocalDate,Past]; arguments [org.springframework.context.support.DefaultMessageSourceResolvable: codes [libraryUser.dateOfBirth,dateOfBirth]; arguments []; default message [dateOfBirth]]; default message [Date of birth must be a past date]] [Field error in object 'libraryUser' on field 'emailId': rejected value [grady.booch2gmail.com]; codes [Email.libraryUser.emailId,Email.emailId,Email.java.lang.String,Email]; arguments [org.springframework.context.support.DefaultMessageSourceResolvable: codes [libraryUser.emailId,emailId]; arguments []; default message [emailId],[Ljavax.validation.constraints.Pattern$Flag;@3ee5a17c,org.springframework.validation.beanvalidation.SpringValidatorAdapter$ResolvableAttribute@4c68b123]; default message [Please enter a valid EmailId]] [Field error in object 'libraryUser' on field 'phoneNumber': rejected value [12457632]; codes [Pattern.libraryUser.phoneNumber,Pattern.phoneNumber,Pattern.java.lang.String,Pattern]; arguments [org.springframework.context.support.DefaultMessageSourceResolvable: codes [libraryUser.phoneNumber,phoneNumber]; arguments []; default message [phoneNumber],[Ljavax.validation.constraints.Pattern$Flag;@33346928,org.springframework.validation.beanvalidation.SpringValidatorAdapter$ResolvableAttribute@1232a956]; default message [Please enter phone number in format 123-456-789]]
	at org.springframework.web.servlet.mvc.method.annotation.RequestResponseBodyMethodProcessor.resolveArgument(RequestResponseBodyMethodProcessor.java:138) ~[spring-webmvc-5.1.7.RELEASE.jar:5.1.7.RELEASE]
	at org.springframework.web.method.support.HandlerMethodArgumentResolverComposite.resolveArgument(HandlerMethodArgumentResolverComposite.java:126) ~[spring-web-5.1.7.RELEASE.jar:5.1.7.RELEASE]
	at org.springframework.web.method.support.InvocableHandlerMethod.getMethodArgumentValues(InvocableHandlerMethod.java:167) ~[spring-web-5.1.7.RELEASE.jar:5.1.7.RELEASE]
	at org.springframework.web.method.support.InvocableHandlerMethod.invokeForRequest(InvocableHandlerMethod.java:134) ~[spring-web-5.1.7.RELEASE.jar:5.1.7.RELEASE]
	at org.springframework.web.servlet.mvc.method.annotation.ServletInvocableHandlerMethod.invokeAndHandle(ServletInvocableHandlerMethod.java:104) ~[spring-webmvc-5.1.7.RELEASE.jar:5.1.7.RELEASE]
	at org.springframework.web.servlet.mvc.method.annotation.RequestMappingHandlerAdapter.invokeHandlerMethod(RequestMappingHandlerAdapter.java:892) ~[spring-webmvc-5.1.7.RELEASE.jar:5.1.7.RELEASE]
	at org.springframework.web.servlet.mvc.method.annotation.RequestMappingHandlerAdapter.handleInternal(RequestMappingHandlerAdapter.java:797) ~[spring-webmvc-5.1.7.RELEASE.jar:5.1.7.RELEASE]
	at org.springframework.web.servlet.mvc.method.AbstractHandlerMethodAdapter.handle(AbstractHandlerMethodAdapter.java:87) ~[spring-webmvc-5.1.7.RELEASE.jar:5.1.7.RELEASE]
	at org.springframework.web.servlet.DispatcherServlet.doDispatch(DispatcherServlet.java:1039) ~[spring-webmvc-5.1.7.RELEASE.jar:5.1.7.RELEASE]
	at org.springframework.web.servlet.DispatcherServlet.doService(DispatcherServlet.java:942) ~[spring-webmvc-5.1.7.RELEASE.jar:5.1.7.RELEASE]
	at org.springframework.web.servlet.FrameworkServlet.processRequest(FrameworkServlet.java:1005) [spring-webmvc-5.1.7.RELEASE.jar:5.1.7.RELEASE]
	at org.springframework.web.servlet.FrameworkServlet.doPost(FrameworkServlet.java:908) [spring-webmvc-5.1.7.RELEASE.jar:5.1.7.RELEASE]
	at javax.servlet.http.HttpServlet.service(HttpServlet.java:660) [tomcat-embed-core-9.0.19.jar:9.0.19]
	at org.springframework.web.servlet.FrameworkServlet.service(FrameworkServlet.java:882) [spring-webmvc-5.1.7.RELEASE.jar:5.1.7.RELEASE]
	at javax.servlet.http.HttpServlet.service(HttpServlet.java:741) [tomcat-embed-core-9.0.19.jar:9.0.19]
	at org.apache.catalina.core.ApplicationFilterChain.internalDoFilter(ApplicationFilterChain.java:231) [tomcat-embed-core-9.0.19.jar:9.0.19]
	at org.apache.catalina.core.ApplicationFilterChain.doFilter(ApplicationFilterChain.java:166) [tomcat-embed-core-9.0.19.jar:9.0.19]
	at org.apache.tomcat.websocket.server.WsFilter.doFilter(WsFilter.java:53) [tomcat-embed-websocket-9.0.19.jar:9.0.19]
	at org.apache.catalina.core.ApplicationFilterChain.internalDoFilter(ApplicationFilterChain.java:193) [tomcat-embed-core-9.0.19.jar:9.0.19]
	at org.apache.catalina.core.ApplicationFilterChain.doFilter(ApplicationFilterChain.java:166) [tomcat-embed-core-9.0.19.jar:9.0.19]
	at org.springframework.security.web.FilterChainProxy$VirtualFilterChain.doFilter(FilterChainProxy.java:320) [spring-security-web-5.1.5.RELEASE.jar:5.1.5.RELEASE]
	at org.springframework.security.web.access.intercept.FilterSecurityInterceptor.invoke(FilterSecurityInterceptor.java:127) [spring-security-web-5.1.5.RELEASE.jar:5.1.5.RELEASE]
	at org.springframework.security.web.access.intercept.FilterSecurityInterceptor.doFilter(FilterSecurityInterceptor.java:91) [spring-security-web-5.1.5.RELEASE.jar:5.1.5.RELEASE]
	at org.springframework.security.web.FilterChainProxy$VirtualFilterChain.doFilter(FilterChainProxy.java:334) [spring-security-web-5.1.5.RELEASE.jar:5.1.5.RELEASE]
	at org.springframework.security.web.access.ExceptionTranslationFilter.doFilter(ExceptionTranslationFilter.java:119) [spring-security-web-5.1.5.RELEASE.jar:5.1.5.RELEASE]
	at org.springframework.security.web.FilterChainProxy$VirtualFilterChain.doFilter(FilterChainProxy.java:334) [spring-security-web-5.1.5.RELEASE.jar:5.1.5.RELEASE]
	at org.springframework.security.web.session.SessionManagementFilter.doFilter(SessionManagementFilter.java:137) [spring-security-web-5.1.5.RELEASE.jar:5.1.5.RELEASE]
	at org.springframework.security.web.FilterChainProxy$VirtualFilterChain.doFilter(FilterChainProxy.java:334) [spring-security-web-5.1.5.RELEASE.jar:5.1.5.RELEASE]
	at org.springframework.security.web.authentication.AnonymousAuthenticationFilter.doFilter(AnonymousAuthenticationFilter.java:111) [spring-security-web-5.1.5.RELEASE.jar:5.1.5.RELEASE]
	at org.springframework.security.web.FilterChainProxy$VirtualFilterChain.doFilter(FilterChainProxy.java:334) [spring-security-web-5.1.5.RELEASE.jar:5.1.5.RELEASE]
	at org.springframework.security.web.servletapi.SecurityContextHolderAwareRequestFilter.doFilter(SecurityContextHolderAwareRequestFilter.java:170) [spring-security-web-5.1.5.RELEASE.jar:5.1.5.RELEASE]
	at org.springframework.security.web.FilterChainProxy$VirtualFilterChain.doFilter(FilterChainProxy.java:334) [spring-security-web-5.1.5.RELEASE.jar:5.1.5.RELEASE]
	at org.springframework.security.web.savedrequest.RequestCacheAwareFilter.doFilter(RequestCacheAwareFilter.java:63) [spring-security-web-5.1.5.RELEASE.jar:5.1.5.RELEASE]
	at org.springframework.security.web.FilterChainProxy$VirtualFilterChain.doFilter(FilterChainProxy.java:334) [spring-security-web-5.1.5.RELEASE.jar:5.1.5.RELEASE]
	at com.skb.course.apis.libraryapis.security.JwtAuthorizationFilter.doFilterInternal(JwtAuthorizationFilter.java:31) [classes/:na]
	at org.springframework.web.filter.OncePerRequestFilter.doFilter(OncePerRequestFilter.java:107) [spring-web-5.1.7.RELEASE.jar:5.1.7.RELEASE]
	at org.springframework.security.web.FilterChainProxy$VirtualFilterChain.doFilter(FilterChainProxy.java:334) [spring-security-web-5.1.5.RELEASE.jar:5.1.5.RELEASE]
	at org.springframework.security.web.authentication.AbstractAuthenticationProcessingFilter.doFilter(AbstractAuthenticationProcessingFilter.java:200) [spring-security-web-5.1.5.RELEASE.jar:5.1.5.RELEASE]
	at org.springframework.security.web.FilterChainProxy$VirtualFilterChain.doFilter(FilterChainProxy.java:334) [spring-security-web-5.1.5.RELEASE.jar:5.1.5.RELEASE]
	at org.springframework.security.web.authentication.logout.LogoutFilter.doFilter(LogoutFilter.java:116) [spring-security-web-5.1.5.RELEASE.jar:5.1.5.RELEASE]
	at org.springframework.security.web.FilterChainProxy$VirtualFilterChain.doFilter(FilterChainProxy.java:334) [spring-security-web-5.1.5.RELEASE.jar:5.1.5.RELEASE]
	at org.springframework.web.filter.CorsFilter.doFilterInternal(CorsFilter.java:96) [spring-web-5.1.7.RELEASE.jar:5.1.7.RELEASE]
	at org.springframework.web.filter.OncePerRequestFilter.doFilter(OncePerRequestFilter.java:107) [spring-web-5.1.7.RELEASE.jar:5.1.7.RELEASE]
	at org.springframework.security.web.FilterChainProxy$VirtualFilterChain.doFilter(FilterChainProxy.java:334) [spring-security-web-5.1.5.RELEASE.jar:5.1.5.RELEASE]
	at org.springframework.security.web.header.HeaderWriterFilter.doFilterInternal(HeaderWriterFilter.java:74) [spring-security-web-5.1.5.RELEASE.jar:5.1.5.RELEASE]
	at org.springframework.web.filter.OncePerRequestFilter.doFilter(OncePerRequestFilter.java:107) [spring-web-5.1.7.RELEASE.jar:5.1.7.RELEASE]
	at org.springframework.security.web.FilterChainProxy$VirtualFilterChain.doFilter(FilterChainProxy.java:334) [spring-security-web-5.1.5.RELEASE.jar:5.1.5.RELEASE]
	at org.springframework.security.web.context.SecurityContextPersistenceFilter.doFilter(SecurityContextPersistenceFilter.java:105) [spring-security-web-5.1.5.RELEASE.jar:5.1.5.RELEASE]
	at org.springframework.security.web.FilterChainProxy$VirtualFilterChain.doFilter(FilterChainProxy.java:334) [spring-security-web-5.1.5.RELEASE.jar:5.1.5.RELEASE]
	at org.springframework.security.web.context.request.async.WebAsyncManagerIntegrationFilter.doFilterInternal(WebAsyncManagerIntegrationFilter.java:56) [spring-security-web-5.1.5.RELEASE.jar:5.1.5.RELEASE]
	at org.springframework.web.filter.OncePerRequestFilter.doFilter(OncePerRequestFilter.java:107) [spring-web-5.1.7.RELEASE.jar:5.1.7.RELEASE]
	at org.springframework.security.web.FilterChainProxy$VirtualFilterChain.doFilter(FilterChainProxy.java:334) [spring-security-web-5.1.5.RELEASE.jar:5.1.5.RELEASE]
	at org.springframework.security.web.FilterChainProxy.doFilterInternal(FilterChainProxy.java:215) [spring-security-web-5.1.5.RELEASE.jar:5.1.5.RELEASE]
	at org.springframework.security.web.FilterChainProxy.doFilter(FilterChainProxy.java:178) [spring-security-web-5.1.5.RELEASE.jar:5.1.5.RELEASE]
	at org.springframework.web.filter.DelegatingFilterProxy.invokeDelegate(DelegatingFilterProxy.java:357) [spring-web-5.1.7.RELEASE.jar:5.1.7.RELEASE]
	at org.springframework.web.filter.DelegatingFilterProxy.doFilter(DelegatingFilterProxy.java:270) [spring-web-5.1.7.RELEASE.jar:5.1.7.RELEASE]
	at org.apache.catalina.core.ApplicationFilterChain.internalDoFilter(ApplicationFilterChain.java:193) [tomcat-embed-core-9.0.19.jar:9.0.19]
	at org.apache.catalina.core.ApplicationFilterChain.doFilter(ApplicationFilterChain.java:166) [tomcat-embed-core-9.0.19.jar:9.0.19]
	at org.springframework.web.filter.RequestContextFilter.doFilterInternal(RequestContextFilter.java:99) [spring-web-5.1.7.RELEASE.jar:5.1.7.RELEASE]
	at org.springframework.web.filter.OncePerRequestFilter.doFilter(OncePerRequestFilter.java:107) [spring-web-5.1.7.RELEASE.jar:5.1.7.RELEASE]
	at org.apache.catalina.core.ApplicationFilterChain.internalDoFilter(ApplicationFilterChain.java:193) [tomcat-embed-core-9.0.19.jar:9.0.19]
	at org.apache.catalina.core.ApplicationFilterChain.doFilter(ApplicationFilterChain.java:166) [tomcat-embed-core-9.0.19.jar:9.0.19]
	at org.springframework.web.filter.FormContentFilter.doFilterInternal(FormContentFilter.java:92) [spring-web-5.1.7.RELEASE.jar:5.1.7.RELEASE]
	at org.springframework.web.filter.OncePerRequestFilter.doFilter(OncePerRequestFilter.java:107) [spring-web-5.1.7.RELEASE.jar:5.1.7.RELEASE]
	at org.apache.catalina.core.ApplicationFilterChain.internalDoFilter(ApplicationFilterChain.java:193) [tomcat-embed-core-9.0.19.jar:9.0.19]
	at org.apache.catalina.core.ApplicationFilterChain.doFilter(ApplicationFilterChain.java:166) [tomcat-embed-core-9.0.19.jar:9.0.19]
	at org.springframework.web.filter.HiddenHttpMethodFilter.doFilterInternal(HiddenHttpMethodFilter.java:93) [spring-web-5.1.7.RELEASE.jar:5.1.7.RELEASE]
	at org.springframework.web.filter.OncePerRequestFilter.doFilter(OncePerRequestFilter.java:107) [spring-web-5.1.7.RELEASE.jar:5.1.7.RELEASE]
	at org.apache.catalina.core.ApplicationFilterChain.internalDoFilter(ApplicationFilterChain.java:193) [tomcat-embed-core-9.0.19.jar:9.0.19]
	at org.apache.catalina.core.ApplicationFilterChain.doFilter(ApplicationFilterChain.java:166) [tomcat-embed-core-9.0.19.jar:9.0.19]
	at org.springframework.web.filter.CharacterEncodingFilter.doFilterInternal(CharacterEncodingFilter.java:200) [spring-web-5.1.7.RELEASE.jar:5.1.7.RELEASE]
	at org.springframework.web.filter.OncePerRequestFilter.doFilter(OncePerRequestFilter.java:107) [spring-web-5.1.7.RELEASE.jar:5.1.7.RELEASE]
	at org.apache.catalina.core.ApplicationFilterChain.internalDoFilter(ApplicationFilterChain.java:193) [tomcat-embed-core-9.0.19.jar:9.0.19]
	at org.apache.catalina.core.ApplicationFilterChain.doFilter(ApplicationFilterChain.java:166) [tomcat-embed-core-9.0.19.jar:9.0.19]
	at org.apache.catalina.core.StandardWrapperValve.invoke(StandardWrapperValve.java:200) [tomcat-embed-core-9.0.19.jar:9.0.19]
	at org.apache.catalina.core.StandardContextValve.invoke(StandardContextValve.java:96) [tomcat-embed-core-9.0.19.jar:9.0.19]
	at org.apache.catalina.authenticator.AuthenticatorBase.invoke(AuthenticatorBase.java:490) [tomcat-embed-core-9.0.19.jar:9.0.19]
	at org.apache.catalina.core.StandardHostValve.invoke(StandardHostValve.java:139) [tomcat-embed-core-9.0.19.jar:9.0.19]
	at org.apache.catalina.valves.ErrorReportValve.invoke(ErrorReportValve.java:92) [tomcat-embed-core-9.0.19.jar:9.0.19]
	at org.apache.catalina.core.StandardEngineValve.invoke(StandardEngineValve.java:74) [tomcat-embed-core-9.0.19.jar:9.0.19]
	at org.apache.catalina.connector.CoyoteAdapter.service(CoyoteAdapter.java:343) [tomcat-embed-core-9.0.19.jar:9.0.19]
	at org.apache.coyote.http11.Http11Processor.service(Http11Processor.java:408) [tomcat-embed-core-9.0.19.jar:9.0.19]
	at org.apache.coyote.AbstractProcessorLight.process(AbstractProcessorLight.java:66) [tomcat-embed-core-9.0.19.jar:9.0.19]
	at org.apache.coyote.AbstractProtocol$ConnectionHandler.process(AbstractProtocol.java:836) [tomcat-embed-core-9.0.19.jar:9.0.19]
	at org.apache.tomcat.util.net.NioEndpoint$SocketProcessor.doRun(NioEndpoint.java:1747) [tomcat-embed-core-9.0.19.jar:9.0.19]
	at org.apache.tomcat.util.net.SocketProcessorBase.run(SocketProcessorBase.java:49) [tomcat-embed-core-9.0.19.jar:9.0.19]
	at java.util.concurrent.ThreadPoolExecutor.runWorker(ThreadPoolExecutor.java:1149) [na:1.8.0_212]
	at java.util.concurrent.ThreadPoolExecutor$Worker.run(ThreadPoolExecutor.java:624) [na:1.8.0_212]
	at org.apache.tomcat.util.threads.TaskThread$WrappingRunnable.run(TaskThread.java:61) [tomcat-embed-core-9.0.19.jar:9.0.19]
	at java.lang.Thread.run(Thread.java:748) [na:1.8.0_212]

2019-08-08 15:52:27.987  INFO 85156 --- [main] c.s.c.a.l.LibraryApis2Application        : Starting LibraryApis2Application on ITS-FKDFLQ2 with PID 85156 (C:\Users\uqubhara\IdeaProjects\library-apis-2\target\classes started by uqubhara in C:\Users\uqubhara\IdeaProjects\library-apis-2)
2019-08-08 15:52:27.989  INFO 85156 --- [main] c.s.c.a.l.LibraryApis2Application        : No active profile set, falling back to default profiles: default
2019-08-08 15:52:38.423  INFO 85156 --- [main] .s.d.r.c.RepositoryConfigurationDelegate : Bootstrapping Spring Data repositories in DEFAULT mode.
2019-08-08 15:52:38.484  INFO 85156 --- [main] .s.d.r.c.RepositoryConfigurationDelegate : Finished Spring Data repository scanning in 56ms. Found 6 repository interfaces.
2019-08-08 15:52:38.693  INFO 85156 --- [main] trationDelegate$BeanPostProcessorChecker : Bean 'org.springframework.transaction.annotation.ProxyTransactionManagementConfiguration' of type [org.springframework.transaction.annotation.ProxyTransactionManagementConfiguration$$EnhancerBySpringCGLIB$$2273973a] is not eligible for getting processed by all BeanPostProcessors (for example: not eligible for auto-proxying)
2019-08-08 15:52:38.856  INFO 85156 --- [main] o.s.b.w.embedded.tomcat.TomcatWebServer  : Tomcat initialized with port(s): 8585 (http)
2019-08-08 15:52:38.872  INFO 85156 --- [main] o.apache.catalina.core.StandardService   : Starting service [Tomcat]
2019-08-08 15:52:38.873  INFO 85156 --- [main] org.apache.catalina.core.StandardEngine  : Starting Servlet engine: [Apache Tomcat/9.0.19]
2019-08-08 15:52:38.965  INFO 85156 --- [main] o.a.c.c.C.[Tomcat].[localhost].[/]       : Initializing Spring embedded WebApplicationContext
2019-08-08 15:52:38.966  INFO 85156 --- [main] o.s.web.context.ContextLoader            : Root WebApplicationContext: initialization completed in 953 ms
2019-08-08 15:52:39.072  INFO 85156 --- [main] com.zaxxer.hikari.HikariDataSource       : HikariPool-1 - Starting...
2019-08-08 15:52:39.528  INFO 85156 --- [main] com.zaxxer.hikari.HikariDataSource       : HikariPool-1 - Start completed.
2019-08-08 15:52:39.566  INFO 85156 --- [main] o.hibernate.jpa.internal.util.LogHelper  : HHH000204: Processing PersistenceUnitInfo [
	name: default
	...]
2019-08-08 15:52:39.606  INFO 85156 --- [main] org.hibernate.Version                    : HHH000412: Hibernate Core {5.3.10.Final}
2019-08-08 15:52:39.607  INFO 85156 --- [main] org.hibernate.cfg.Environment            : HHH000206: hibernate.properties not found
2019-08-08 15:52:39.711  INFO 85156 --- [main] o.hibernate.annotations.common.Version   : HCANN000001: Hibernate Commons Annotations {5.0.4.Final}
2019-08-08 15:52:39.816  INFO 85156 --- [main] org.hibernate.dialect.Dialect            : HHH000400: Using dialect: org.hibernate.dialect.MySQL5InnoDBDialect
2019-08-08 15:52:40.298  INFO 85156 --- [main] j.LocalContainerEntityManagerFactoryBean : Initialized JPA EntityManagerFactory for persistence unit 'default'
2019-08-08 15:52:40.515  INFO 85156 --- [main] o.h.h.i.QueryTranslatorFactoryInitiator  : HHH000397: Using ASTQueryTranslatorFactory
2019-08-08 15:52:40.834  WARN 85156 --- [main] aWebConfiguration$JpaWebMvcConfiguration : spring.jpa.open-in-view is enabled by default. Therefore, database queries may be performed during view rendering. Explicitly configure spring.jpa.open-in-view to disable this warning
2019-08-08 15:52:40.890  INFO 85156 --- [main] o.s.s.web.DefaultSecurityFilterChain     : Creating filter chain: any request, [org.springframework.security.web.context.request.async.WebAsyncManagerIntegrationFilter@bd273b2, org.springframework.security.web.context.SecurityContextPersistenceFilter@2037f12b, org.springframework.security.web.header.HeaderWriterFilter@4e7bc939, org.springframework.web.filter.CorsFilter@78128dd0, org.springframework.security.web.authentication.logout.LogoutFilter@2fc7fa6e, com.skb.course.apis.libraryapis.security.JwtAuthenticationFilter@55044b34, com.skb.course.apis.libraryapis.security.JwtAuthorizationFilter@28dd81ad, org.springframework.security.web.savedrequest.RequestCacheAwareFilter@a9e8da1, org.springframework.security.web.servletapi.SecurityContextHolderAwareRequestFilter@6d7b2319, org.springframework.security.web.authentication.AnonymousAuthenticationFilter@300a38e7, org.springframework.security.web.session.SessionManagementFilter@6fc1a8f6, org.springframework.security.web.access.ExceptionTranslationFilter@62cd562d, org.springframework.security.web.access.intercept.FilterSecurityInterceptor@77e9dca8]
2019-08-08 15:52:40.966  INFO 85156 --- [main] o.s.s.concurrent.ThreadPoolTaskExecutor  : Initializing ExecutorService 'applicationTaskExecutor'
2019-08-08 15:52:41.228  INFO 85156 --- [main] o.s.b.w.embedded.tomcat.TomcatWebServer  : Tomcat started on port(s): 8585 (http) with context path ''
2019-08-08 15:52:41.230  INFO 85156 --- [main] c.s.c.a.l.LibraryApis2Application        : Started LibraryApis2Application in 13.536 seconds (JVM running for 14.308)
2019-08-08 15:52:44.802  INFO 85156 --- [http-nio-8585-exec-3] o.a.c.c.C.[Tomcat].[localhost].[/]       : Initializing Spring DispatcherServlet 'dispatcherServlet'
2019-08-08 15:52:44.803  INFO 85156 --- [http-nio-8585-exec-3] o.s.web.servlet.DispatcherServlet        : Initializing Servlet 'dispatcherServlet'
2019-08-08 15:52:44.809  INFO 85156 --- [http-nio-8585-exec-3] o.s.web.servlet.DispatcherServlet        : Completed initialization in 6 ms
2019-08-08 15:52:44.961 ERROR 85156 --- [http-nio-8585-exec-3] a.l.e.LibraryControllersExceptionHandler : 1660ec14-cd18-4df1-93c2-5470cadec8ed

org.springframework.web.bind.MethodArgumentNotValidException: Validation failed for argument [0] in public org.springframework.http.ResponseEntity<?> com.skb.course.apis.libraryapis.user.UserController.registerUser(com.skb.course.apis.libraryapis.user.LibraryUser,java.lang.String) throws com.skb.course.apis.libraryapis.exception.LibraryResourceAlreadyExistException with 3 errors: [Field error in object 'libraryUser' on field 'phoneNumber': rejected value [12457632]; codes [Pattern.libraryUser.phoneNumber,Pattern.phoneNumber,Pattern.java.lang.String,Pattern]; arguments [org.springframework.context.support.DefaultMessageSourceResolvable: codes [libraryUser.phoneNumber,phoneNumber]; arguments []; default message [phoneNumber],[Ljavax.validation.constraints.Pattern$Flag;@3e66bd51,org.springframework.validation.beanvalidation.SpringValidatorAdapter$ResolvableAttribute@7f96ceab]; default message [Please enter phone number in format 123-456-789]] [Field error in object 'libraryUser' on field 'dateOfBirth': rejected value [2020-01-12]; codes [Past.libraryUser.dateOfBirth,Past.dateOfBirth,Past.java.time.LocalDate,Past]; arguments [org.springframework.context.support.DefaultMessageSourceResolvable: codes [libraryUser.dateOfBirth,dateOfBirth]; arguments []; default message [dateOfBirth]]; default message [Date of birth must be a past date]] [Field error in object 'libraryUser' on field 'emailId': rejected value [grady.booch2gmail.com]; codes [Email.libraryUser.emailId,Email.emailId,Email.java.lang.String,Email]; arguments [org.springframework.context.support.DefaultMessageSourceResolvable: codes [libraryUser.emailId,emailId]; arguments []; default message [emailId],[Ljavax.validation.constraints.Pattern$Flag;@a230b0b,org.springframework.validation.beanvalidation.SpringValidatorAdapter$ResolvableAttribute@20eb43cb]; default message [Please enter a valid EmailId]]
	at org.springframework.web.servlet.mvc.method.annotation.RequestResponseBodyMethodProcessor.resolveArgument(RequestResponseBodyMethodProcessor.java:138) ~[spring-webmvc-5.1.7.RELEASE.jar:5.1.7.RELEASE]
	at org.springframework.web.method.support.HandlerMethodArgumentResolverComposite.resolveArgument(HandlerMethodArgumentResolverComposite.java:126) ~[spring-web-5.1.7.RELEASE.jar:5.1.7.RELEASE]
	at org.springframework.web.method.support.InvocableHandlerMethod.getMethodArgumentValues(InvocableHandlerMethod.java:167) ~[spring-web-5.1.7.RELEASE.jar:5.1.7.RELEASE]
	at org.springframework.web.method.support.InvocableHandlerMethod.invokeForRequest(InvocableHandlerMethod.java:134) ~[spring-web-5.1.7.RELEASE.jar:5.1.7.RELEASE]
	at org.springframework.web.servlet.mvc.method.annotation.ServletInvocableHandlerMethod.invokeAndHandle(ServletInvocableHandlerMethod.java:104) ~[spring-webmvc-5.1.7.RELEASE.jar:5.1.7.RELEASE]
	at org.springframework.web.servlet.mvc.method.annotation.RequestMappingHandlerAdapter.invokeHandlerMethod(RequestMappingHandlerAdapter.java:892) ~[spring-webmvc-5.1.7.RELEASE.jar:5.1.7.RELEASE]
	at org.springframework.web.servlet.mvc.method.annotation.RequestMappingHandlerAdapter.handleInternal(RequestMappingHandlerAdapter.java:797) ~[spring-webmvc-5.1.7.RELEASE.jar:5.1.7.RELEASE]
	at org.springframework.web.servlet.mvc.method.AbstractHandlerMethodAdapter.handle(AbstractHandlerMethodAdapter.java:87) ~[spring-webmvc-5.1.7.RELEASE.jar:5.1.7.RELEASE]
	at org.springframework.web.servlet.DispatcherServlet.doDispatch(DispatcherServlet.java:1039) ~[spring-webmvc-5.1.7.RELEASE.jar:5.1.7.RELEASE]
	at org.springframework.web.servlet.DispatcherServlet.doService(DispatcherServlet.java:942) ~[spring-webmvc-5.1.7.RELEASE.jar:5.1.7.RELEASE]
	at org.springframework.web.servlet.FrameworkServlet.processRequest(FrameworkServlet.java:1005) [spring-webmvc-5.1.7.RELEASE.jar:5.1.7.RELEASE]
	at org.springframework.web.servlet.FrameworkServlet.doPost(FrameworkServlet.java:908) [spring-webmvc-5.1.7.RELEASE.jar:5.1.7.RELEASE]
	at javax.servlet.http.HttpServlet.service(HttpServlet.java:660) [tomcat-embed-core-9.0.19.jar:9.0.19]
	at org.springframework.web.servlet.FrameworkServlet.service(FrameworkServlet.java:882) [spring-webmvc-5.1.7.RELEASE.jar:5.1.7.RELEASE]
	at javax.servlet.http.HttpServlet.service(HttpServlet.java:741) [tomcat-embed-core-9.0.19.jar:9.0.19]
	at org.apache.catalina.core.ApplicationFilterChain.internalDoFilter(ApplicationFilterChain.java:231) [tomcat-embed-core-9.0.19.jar:9.0.19]
	at org.apache.catalina.core.ApplicationFilterChain.doFilter(ApplicationFilterChain.java:166) [tomcat-embed-core-9.0.19.jar:9.0.19]
	at org.apache.tomcat.websocket.server.WsFilter.doFilter(WsFilter.java:53) [tomcat-embed-websocket-9.0.19.jar:9.0.19]
	at org.apache.catalina.core.ApplicationFilterChain.internalDoFilter(ApplicationFilterChain.java:193) [tomcat-embed-core-9.0.19.jar:9.0.19]
	at org.apache.catalina.core.ApplicationFilterChain.doFilter(ApplicationFilterChain.java:166) [tomcat-embed-core-9.0.19.jar:9.0.19]
	at org.springframework.security.web.FilterChainProxy$VirtualFilterChain.doFilter(FilterChainProxy.java:320) [spring-security-web-5.1.5.RELEASE.jar:5.1.5.RELEASE]
	at org.springframework.security.web.access.intercept.FilterSecurityInterceptor.invoke(FilterSecurityInterceptor.java:127) [spring-security-web-5.1.5.RELEASE.jar:5.1.5.RELEASE]
	at org.springframework.security.web.access.intercept.FilterSecurityInterceptor.doFilter(FilterSecurityInterceptor.java:91) [spring-security-web-5.1.5.RELEASE.jar:5.1.5.RELEASE]
	at org.springframework.security.web.FilterChainProxy$VirtualFilterChain.doFilter(FilterChainProxy.java:334) [spring-security-web-5.1.5.RELEASE.jar:5.1.5.RELEASE]
	at org.springframework.security.web.access.ExceptionTranslationFilter.doFilter(ExceptionTranslationFilter.java:119) [spring-security-web-5.1.5.RELEASE.jar:5.1.5.RELEASE]
	at org.springframework.security.web.FilterChainProxy$VirtualFilterChain.doFilter(FilterChainProxy.java:334) [spring-security-web-5.1.5.RELEASE.jar:5.1.5.RELEASE]
	at org.springframework.security.web.session.SessionManagementFilter.doFilter(SessionManagementFilter.java:137) [spring-security-web-5.1.5.RELEASE.jar:5.1.5.RELEASE]
	at org.springframework.security.web.FilterChainProxy$VirtualFilterChain.doFilter(FilterChainProxy.java:334) [spring-security-web-5.1.5.RELEASE.jar:5.1.5.RELEASE]
	at org.springframework.security.web.authentication.AnonymousAuthenticationFilter.doFilter(AnonymousAuthenticationFilter.java:111) [spring-security-web-5.1.5.RELEASE.jar:5.1.5.RELEASE]
	at org.springframework.security.web.FilterChainProxy$VirtualFilterChain.doFilter(FilterChainProxy.java:334) [spring-security-web-5.1.5.RELEASE.jar:5.1.5.RELEASE]
	at org.springframework.security.web.servletapi.SecurityContextHolderAwareRequestFilter.doFilter(SecurityContextHolderAwareRequestFilter.java:170) [spring-security-web-5.1.5.RELEASE.jar:5.1.5.RELEASE]
	at org.springframework.security.web.FilterChainProxy$VirtualFilterChain.doFilter(FilterChainProxy.java:334) [spring-security-web-5.1.5.RELEASE.jar:5.1.5.RELEASE]
	at org.springframework.security.web.savedrequest.RequestCacheAwareFilter.doFilter(RequestCacheAwareFilter.java:63) [spring-security-web-5.1.5.RELEASE.jar:5.1.5.RELEASE]
	at org.springframework.security.web.FilterChainProxy$VirtualFilterChain.doFilter(FilterChainProxy.java:334) [spring-security-web-5.1.5.RELEASE.jar:5.1.5.RELEASE]
	at com.skb.course.apis.libraryapis.security.JwtAuthorizationFilter.doFilterInternal(JwtAuthorizationFilter.java:31) [classes/:na]
	at org.springframework.web.filter.OncePerRequestFilter.doFilter(OncePerRequestFilter.java:107) [spring-web-5.1.7.RELEASE.jar:5.1.7.RELEASE]
	at org.springframework.security.web.FilterChainProxy$VirtualFilterChain.doFilter(FilterChainProxy.java:334) [spring-security-web-5.1.5.RELEASE.jar:5.1.5.RELEASE]
	at org.springframework.security.web.authentication.AbstractAuthenticationProcessingFilter.doFilter(AbstractAuthenticationProcessingFilter.java:200) [spring-security-web-5.1.5.RELEASE.jar:5.1.5.RELEASE]
	at org.springframework.security.web.FilterChainProxy$VirtualFilterChain.doFilter(FilterChainProxy.java:334) [spring-security-web-5.1.5.RELEASE.jar:5.1.5.RELEASE]
	at org.springframework.security.web.authentication.logout.LogoutFilter.doFilter(LogoutFilter.java:116) [spring-security-web-5.1.5.RELEASE.jar:5.1.5.RELEASE]
	at org.springframework.security.web.FilterChainProxy$VirtualFilterChain.doFilter(FilterChainProxy.java:334) [spring-security-web-5.1.5.RELEASE.jar:5.1.5.RELEASE]
	at org.springframework.web.filter.CorsFilter.doFilterInternal(CorsFilter.java:96) [spring-web-5.1.7.RELEASE.jar:5.1.7.RELEASE]
	at org.springframework.web.filter.OncePerRequestFilter.doFilter(OncePerRequestFilter.java:107) [spring-web-5.1.7.RELEASE.jar:5.1.7.RELEASE]
	at org.springframework.security.web.FilterChainProxy$VirtualFilterChain.doFilter(FilterChainProxy.java:334) [spring-security-web-5.1.5.RELEASE.jar:5.1.5.RELEASE]
	at org.springframework.security.web.header.HeaderWriterFilter.doFilterInternal(HeaderWriterFilter.java:74) [spring-security-web-5.1.5.RELEASE.jar:5.1.5.RELEASE]
	at org.springframework.web.filter.OncePerRequestFilter.doFilter(OncePerRequestFilter.java:107) [spring-web-5.1.7.RELEASE.jar:5.1.7.RELEASE]
	at org.springframework.security.web.FilterChainProxy$VirtualFilterChain.doFilter(FilterChainProxy.java:334) [spring-security-web-5.1.5.RELEASE.jar:5.1.5.RELEASE]
	at org.springframework.security.web.context.SecurityContextPersistenceFilter.doFilter(SecurityContextPersistenceFilter.java:105) [spring-security-web-5.1.5.RELEASE.jar:5.1.5.RELEASE]
	at org.springframework.security.web.FilterChainProxy$VirtualFilterChain.doFilter(FilterChainProxy.java:334) [spring-security-web-5.1.5.RELEASE.jar:5.1.5.RELEASE]
	at org.springframework.security.web.context.request.async.WebAsyncManagerIntegrationFilter.doFilterInternal(WebAsyncManagerIntegrationFilter.java:56) [spring-security-web-5.1.5.RELEASE.jar:5.1.5.RELEASE]
	at org.springframework.web.filter.OncePerRequestFilter.doFilter(OncePerRequestFilter.java:107) [spring-web-5.1.7.RELEASE.jar:5.1.7.RELEASE]
	at org.springframework.security.web.FilterChainProxy$VirtualFilterChain.doFilter(FilterChainProxy.java:334) [spring-security-web-5.1.5.RELEASE.jar:5.1.5.RELEASE]
	at org.springframework.security.web.FilterChainProxy.doFilterInternal(FilterChainProxy.java:215) [spring-security-web-5.1.5.RELEASE.jar:5.1.5.RELEASE]
	at org.springframework.security.web.FilterChainProxy.doFilter(FilterChainProxy.java:178) [spring-security-web-5.1.5.RELEASE.jar:5.1.5.RELEASE]
	at org.springframework.web.filter.DelegatingFilterProxy.invokeDelegate(DelegatingFilterProxy.java:357) [spring-web-5.1.7.RELEASE.jar:5.1.7.RELEASE]
	at org.springframework.web.filter.DelegatingFilterProxy.doFilter(DelegatingFilterProxy.java:270) [spring-web-5.1.7.RELEASE.jar:5.1.7.RELEASE]
	at org.apache.catalina.core.ApplicationFilterChain.internalDoFilter(ApplicationFilterChain.java:193) [tomcat-embed-core-9.0.19.jar:9.0.19]
	at org.apache.catalina.core.ApplicationFilterChain.doFilter(ApplicationFilterChain.java:166) [tomcat-embed-core-9.0.19.jar:9.0.19]
	at org.springframework.web.filter.RequestContextFilter.doFilterInternal(RequestContextFilter.java:99) [spring-web-5.1.7.RELEASE.jar:5.1.7.RELEASE]
	at org.springframework.web.filter.OncePerRequestFilter.doFilter(OncePerRequestFilter.java:107) [spring-web-5.1.7.RELEASE.jar:5.1.7.RELEASE]
	at org.apache.catalina.core.ApplicationFilterChain.internalDoFilter(ApplicationFilterChain.java:193) [tomcat-embed-core-9.0.19.jar:9.0.19]
	at org.apache.catalina.core.ApplicationFilterChain.doFilter(ApplicationFilterChain.java:166) [tomcat-embed-core-9.0.19.jar:9.0.19]
	at org.springframework.web.filter.FormContentFilter.doFilterInternal(FormContentFilter.java:92) [spring-web-5.1.7.RELEASE.jar:5.1.7.RELEASE]
	at org.springframework.web.filter.OncePerRequestFilter.doFilter(OncePerRequestFilter.java:107) [spring-web-5.1.7.RELEASE.jar:5.1.7.RELEASE]
	at org.apache.catalina.core.ApplicationFilterChain.internalDoFilter(ApplicationFilterChain.java:193) [tomcat-embed-core-9.0.19.jar:9.0.19]
	at org.apache.catalina.core.ApplicationFilterChain.doFilter(ApplicationFilterChain.java:166) [tomcat-embed-core-9.0.19.jar:9.0.19]
	at org.springframework.web.filter.HiddenHttpMethodFilter.doFilterInternal(HiddenHttpMethodFilter.java:93) [spring-web-5.1.7.RELEASE.jar:5.1.7.RELEASE]
	at org.springframework.web.filter.OncePerRequestFilter.doFilter(OncePerRequestFilter.java:107) [spring-web-5.1.7.RELEASE.jar:5.1.7.RELEASE]
	at org.apache.catalina.core.ApplicationFilterChain.internalDoFilter(ApplicationFilterChain.java:193) [tomcat-embed-core-9.0.19.jar:9.0.19]
	at org.apache.catalina.core.ApplicationFilterChain.doFilter(ApplicationFilterChain.java:166) [tomcat-embed-core-9.0.19.jar:9.0.19]
	at org.springframework.web.filter.CharacterEncodingFilter.doFilterInternal(CharacterEncodingFilter.java:200) [spring-web-5.1.7.RELEASE.jar:5.1.7.RELEASE]
	at org.springframework.web.filter.OncePerRequestFilter.doFilter(OncePerRequestFilter.java:107) [spring-web-5.1.7.RELEASE.jar:5.1.7.RELEASE]
	at org.apache.catalina.core.ApplicationFilterChain.internalDoFilter(ApplicationFilterChain.java:193) [tomcat-embed-core-9.0.19.jar:9.0.19]
	at org.apache.catalina.core.ApplicationFilterChain.doFilter(ApplicationFilterChain.java:166) [tomcat-embed-core-9.0.19.jar:9.0.19]
	at org.apache.catalina.core.StandardWrapperValve.invoke(StandardWrapperValve.java:200) [tomcat-embed-core-9.0.19.jar:9.0.19]
	at org.apache.catalina.core.StandardContextValve.invoke(StandardContextValve.java:96) [tomcat-embed-core-9.0.19.jar:9.0.19]
	at org.apache.catalina.authenticator.AuthenticatorBase.invoke(AuthenticatorBase.java:490) [tomcat-embed-core-9.0.19.jar:9.0.19]
	at org.apache.catalina.core.StandardHostValve.invoke(StandardHostValve.java:139) [tomcat-embed-core-9.0.19.jar:9.0.19]
	at org.apache.catalina.valves.ErrorReportValve.invoke(ErrorReportValve.java:92) [tomcat-embed-core-9.0.19.jar:9.0.19]
	at org.apache.catalina.core.StandardEngineValve.invoke(StandardEngineValve.java:74) [tomcat-embed-core-9.0.19.jar:9.0.19]
	at org.apache.catalina.connector.CoyoteAdapter.service(CoyoteAdapter.java:343) [tomcat-embed-core-9.0.19.jar:9.0.19]
	at org.apache.coyote.http11.Http11Processor.service(Http11Processor.java:408) [tomcat-embed-core-9.0.19.jar:9.0.19]
	at org.apache.coyote.AbstractProcessorLight.process(AbstractProcessorLight.java:66) [tomcat-embed-core-9.0.19.jar:9.0.19]
	at org.apache.coyote.AbstractProtocol$ConnectionHandler.process(AbstractProtocol.java:836) [tomcat-embed-core-9.0.19.jar:9.0.19]
	at org.apache.tomcat.util.net.NioEndpoint$SocketProcessor.doRun(NioEndpoint.java:1747) [tomcat-embed-core-9.0.19.jar:9.0.19]
	at org.apache.tomcat.util.net.SocketProcessorBase.run(SocketProcessorBase.java:49) [tomcat-embed-core-9.0.19.jar:9.0.19]
	at java.util.concurrent.ThreadPoolExecutor.runWorker(ThreadPoolExecutor.java:1149) [na:1.8.0_212]
	at java.util.concurrent.ThreadPoolExecutor$Worker.run(ThreadPoolExecutor.java:624) [na:1.8.0_212]
	at org.apache.tomcat.util.threads.TaskThread$WrappingRunnable.run(TaskThread.java:61) [tomcat-embed-core-9.0.19.jar:9.0.19]
	at java.lang.Thread.run(Thread.java:748) [na:1.8.0_212]

